<?xml version="1.0" encoding="UTF-8"?>
<!-- Generated by org.testng.reporters.JUnitReportReporter -->
<testsuite hostname="Sakshi" failures="0" tests="4" name="tests.CartTest" time="40.170" errors="0" timestamp="2025-09-08T17:08:13 IST" skipped="0">
  <testcase classname="tests.CartTest" name="testVerifyCartItems" time="7.281"/>
  <testcase classname="tests.CartTest" name="testProceedToCheckout" time="7.558"/>
  <testcase classname="tests.CartTest" name="testContinueShoppingFromCart" time="7.272"/>
  <testcase classname="tests.CartTest" name="testRemoveItemFromCart" time="18.059"/>
</testsuite> <!-- tests.CartTest -->
