<?xml version="1.0" encoding="UTF-8"?>
<!-- Generated by org.testng.reporters.JUnitReportReporter -->
<testsuite hostname="Sakshi" failures="0" tests="7" name="tests.CheckoutTest" time="52.331" errors="0" timestamp="2025-09-08T17:08:13 IST" skipped="0">
  <testcase classname="tests.CheckoutTest" name="testCancelCheckout" time="7.620"/>
  <testcase classname="tests.CheckoutTest" name="testEmptyFirstName" time="6.247"/>
  <testcase classname="tests.CheckoutTest" name="testBackHomeFromCheckoutComplete" time="7.550"/>
  <testcase classname="tests.CheckoutTest" name="testEmptyPostalCode" time="7.600"/>
  <testcase classname="tests.CheckoutTest" name="testOrderConfirmationPage" time="7.594"/>
  <testcase classname="tests.CheckoutTest" name="testCompleteCheckoutValidData" time="7.983"/>
  <testcase classname="tests.CheckoutTest" name="testOrderSummaryValidation" time="7.737"/>
</testsuite> <!-- tests.CheckoutTest -->
