<?xml version="1.0" encoding="UTF-8"?>
<!-- Generated by org.testng.reporters.JUnitReportReporter -->
<testsuite hostname="LAPTOP-5T9CK8KA" failures="0" tests="6" name="runners.TestRunner" time="19.291" errors="0" timestamp="2025-09-06T09:28:13 IST" skipped="0">
  <testcase classname="runners.TestRunner" name="runScenario" time="11.075"/>
  <testcase classname="runners.TestRunner" name="runScenario" time="1.683"/>
  <testcase classname="runners.TestRunner" name="runScenario" time="1.604"/>
  <testcase classname="runners.TestRunner" name="runScenario" time="1.640"/>
  <testcase classname="runners.TestRunner" name="runScenario" time="1.567"/>
  <testcase classname="runners.TestRunner" name="runScenario" time="1.722"/>
</testsuite> <!-- runners.TestRunner -->
