<?xml version="1.0" encoding="UTF-8"?>
<!-- Generated by org.testng.reporters.JUnitReportReporter -->
<testsuite hostname="Sakshi" failures="0" tests="5" name="tests.UITest" time="41.953" errors="0" timestamp="2025-09-08T17:08:13 IST" skipped="0">
  <testcase classname="tests.UITest" name="testResetAppState" time="7.444"/>
  <testcase classname="tests.UITest" name="testBurgerMenuPresence" time="5.664"/>
  <testcase classname="tests.UITest" name="testFooterLinksAndIcons" time="6.904"/>
  <testcase classname="tests.UITest" name="testNavigateToAbout" time="15.154"/>
  <testcase classname="tests.UITest" name="testLogoutFromBurgerMenu" time="6.787"/>
</testsuite> <!-- tests.UITest -->
