<?xml version="1.0" encoding="UTF-8"?>
<!-- Generated by org.testng.reporters.JUnitReportReporter -->
<testsuite hostname="Sakshi" failures="0" tests="8" name="tests.LoginTest" time="58.390" errors="0" timestamp="2025-09-08T17:08:13 IST" skipped="0">
  <testcase classname="tests.LoginTest" name="testLockedOutUser" time="6.935"/>
  <testcase classname="tests.LoginTest" name="testEmptyCredentials" time="5.584"/>
  <testcase classname="tests.LoginTest" name="testLogoutFunctionality" time="6.641"/>
  <testcase classname="tests.LoginTest" name="testValidLoginStandardUser" time="7.514"/>
  <testcase classname="tests.LoginTest" name="testPerformanceGlitchUserLogin" time="12.299"/>
  <testcase classname="tests.LoginTest" name="testProblemUserLogin" time="5.498"/>
  <testcase classname="tests.LoginTest" name="testInvalidCredentials" time="7.906"/>
  <testcase classname="tests.LoginTest" name="testErrorMessageText" time="6.013"/>
</testsuite> <!-- tests.LoginTest -->
