<?xml version="1.0" encoding="UTF-8"?>
<!-- Generated by org.testng.reporters.JUnitReportReporter -->
<testsuite hostname="Sakshi" failures="0" tests="7" name="tests.ProductTest" time="57.551" errors="0" timestamp="2025-09-08T17:08:13 IST" skipped="0">
  <testcase classname="tests.ProductTest" name="testRemoveProductFromCart" time="7.249"/>
  <testcase classname="tests.ProductTest" name="testProductListingPage" time="7.305"/>
  <testcase classname="tests.ProductTest" name="testProductNamesAndPricesDisplayed" time="7.217"/>
  <testcase classname="tests.ProductTest" name="testAddProductToCart" time="16.405"/>
  <testcase classname="tests.ProductTest" name="testSortingOptions" time="7.066"/>
  <testcase classname="tests.ProductTest" name="testClickProductDetailsPage" time="5.933"/>
  <testcase classname="tests.ProductTest" name="testAddMultipleProductsToCart" time="6.376"/>
</testsuite> <!-- tests.ProductTest -->
